<?xml version="1.0" encoding="UTF-8"?>
<!-- Generated by org.testng.reporters.JUnitXMLReporter -->
<testsuite ignored="0" hostname="Believer-HJ007" failures="0" tests="3" name="Default test" time="7.932" errors="0" timestamp="2023-03-14T17:31:07 IST">
  <testcase classname="io.cucumber.testng.AbstractTestNGCucumberTests" name="runScenario" time="7.265"/>
  <testcase classname="io.cucumber.testng.AbstractTestNGCucumberTests" name="runScenario" time="0.423"/>
  <testcase classname="runners.ECommRunner" name="f" time="0.001"/>
</testsuite> <!-- Default test -->
