<?xml version="1.0" encoding="UTF-8"?>
<testng-results ignored="0" total="3" passed="3" failed="0" skipped="0">
  <reporter-output>
  </reporter-output>
  <suite started-at="2023-03-14T17:30:59 IST" name="Default suite" finished-at="2023-03-14T17:31:07 IST" duration-ms="7932">
    <groups>
      <group name="cucumber">
        <method signature="AbstractTestNGCucumberTests.runScenario(io.cucumber.testng.PickleWrapper,io.cucumber.testng.FeatureWrapper)[pri:0, instance:runners.ECommRunner@5386659f]" name="runScenario" class="io.cucumber.testng.AbstractTestNGCucumberTests"/>
      </group> <!-- cucumber -->
    </groups>
    <test started-at="2023-03-14T17:30:59 IST" name="Default test" finished-at="2023-03-14T17:31:07 IST" duration-ms="7932">
      <class name="runners.ECommRunner">
        <test-method is-config="true" signature="setUpClass(org.testng.ITestContext)[pri:0, instance:runners.ECommRunner@5386659f]" started-at="2023-03-14T17:30:59 IST" name="setUpClass" finished-at="2023-03-14T17:30:59 IST" duration-ms="187" status="PASS">
          <params>
            <param index="0">
              <value>
                <![CDATA[org.testng.TestRunner@38b3f208]]>
              </value>
            </param>
          </params>
          <reporter-output>
          </reporter-output>
        </test-method> <!-- setUpClass -->
        <test-method signature="runScenario(io.cucumber.testng.PickleWrapper,io.cucumber.testng.FeatureWrapper)[pri:0, instance:runners.ECommRunner@5386659f]" started-at="2023-03-14T17:30:59 IST" name="runScenario" description="Runs Cucumber Scenarios" data-provider="scenarios" finished-at="2023-03-14T17:31:06 IST" duration-ms="7265" status="PASS">
          <params>
            <param index="0">
              <value>
                <![CDATA["Search Item"]]>
              </value>
            </param>
            <param index="1">
              <value>
                <![CDATA["Place Order"]]>
              </value>
            </param>
          </params>
          <reporter-output>
          </reporter-output>
        </test-method> <!-- runScenario -->
        <test-method signature="runScenario(io.cucumber.testng.PickleWrapper,io.cucumber.testng.FeatureWrapper)[pri:0, instance:runners.ECommRunner@5386659f]" started-at="2023-03-14T17:31:06 IST" name="runScenario" description="Runs Cucumber Scenarios" data-provider="scenarios" finished-at="2023-03-14T17:31:07 IST" duration-ms="423" status="PASS">
          <params>
            <param index="0">
              <value>
                <![CDATA["Add Item to Cart"]]>
              </value>
            </param>
            <param index="1">
              <value>
                <![CDATA["Place Order"]]>
              </value>
            </param>
          </params>
          <reporter-output>
          </reporter-output>
        </test-method> <!-- runScenario -->
        <test-method signature="f()[pri:0, instance:runners.ECommRunner@5386659f]" started-at="2023-03-14T17:31:07 IST" name="f" finished-at="2023-03-14T17:31:07 IST" duration-ms="1" status="PASS">
          <reporter-output>
          </reporter-output>
        </test-method> <!-- f -->
        <test-method is-config="true" signature="tearDownClass()[pri:0, instance:runners.ECommRunner@5386659f]" started-at="2023-03-14T17:31:07 IST" name="tearDownClass" finished-at="2023-03-14T17:31:07 IST" duration-ms="4" status="PASS">
          <reporter-output>
          </reporter-output>
        </test-method> <!-- tearDownClass -->
      </class> <!-- runners.ECommRunner -->
    </test> <!-- Default test -->
  </suite> <!-- Default suite -->
</testng-results>
